<?xml version="1.0" encoding="UTF-8"?>
<testng-results ignored="0" total="3" passed="3" failed="0" skipped="0">
  <reporter-output>
  </reporter-output>
  <suite started-at="2023-11-18T00:31:08 EET" name="Suite" finished-at="2023-11-18T00:32:15 EET" duration-ms="66583">
    <groups>
      <group name="cucumber">
        <method signature="AbstractTestNGCucumberTests.runScenario(io.cucumber.testng.PickleWrapper,io.cucumber.testng.FeatureWrapper)[pri:0, instance:TestRunner.CucumberTestRunner@22ff4249]" name="runScenario" class="io.cucumber.testng.AbstractTestNGCucumberTests"/>
      </group> <!-- cucumber -->
    </groups>
    <test started-at="2023-11-18T00:31:08 EET" name="Cucumber with TestNG Test" finished-at="2023-11-18T00:32:15 EET" duration-ms="66583">
      <class name="TestRunner.CucumberTestRunner">
        <test-method is-config="true" signature="setUpClass(org.testng.ITestContext)[pri:0, instance:TestRunner.CucumberTestRunner@22ff4249]" started-at="2023-11-18T00:31:08 EET" name="setUpClass" finished-at="2023-11-18T00:31:09 EET" duration-ms="682" status="PASS">
          <params>
            <param index="0">
              <value>
                <![CDATA[org.testng.TestRunner@1d23ff23]]>
              </value>
            </param>
          </params>
          <reporter-output>
          </reporter-output>
        </test-method> <!-- setUpClass -->
        <test-method signature="runScenario(io.cucumber.testng.PickleWrapper,io.cucumber.testng.FeatureWrapper)[pri:0, instance:TestRunner.CucumberTestRunner@22ff4249]" started-at="2023-11-18T00:31:09 EET" name="runScenario" description="Runs Cucumber Scenarios" data-provider="scenarios" finished-at="2023-11-18T00:31:42 EET" duration-ms="32905" status="PASS">
          <params>
            <param index="0">
              <value>
                <![CDATA["Check that the user can add an item to the cart"]]>
              </value>
            </param>
            <param index="1">
              <value>
                <![CDATA["The User can add an item to the Cart"]]>
              </value>
            </param>
          </params>
          <reporter-output>
          </reporter-output>
        </test-method> <!-- runScenario -->
        <test-method signature="runScenario(io.cucumber.testng.PickleWrapper,io.cucumber.testng.FeatureWrapper)[pri:0, instance:TestRunner.CucumberTestRunner@22ff4249]" started-at="2023-11-18T00:31:42 EET" name="runScenario" description="Runs Cucumber Scenarios" data-provider="scenarios" finished-at="2023-11-18T00:32:02 EET" duration-ms="20414" status="PASS">
          <params>
            <param index="0">
              <value>
                <![CDATA["Check that there are no broken links in the home page"]]>
              </value>
            </param>
            <param index="1">
              <value>
                <![CDATA["The system has no broken links in the home page"]]>
              </value>
            </param>
          </params>
          <reporter-output>
          </reporter-output>
        </test-method> <!-- runScenario -->
        <test-method signature="runScenario(io.cucumber.testng.PickleWrapper,io.cucumber.testng.FeatureWrapper)[pri:0, instance:TestRunner.CucumberTestRunner@22ff4249]" started-at="2023-11-18T00:32:02 EET" name="runScenario" description="Runs Cucumber Scenarios" data-provider="scenarios" finished-at="2023-11-18T00:32:15 EET" duration-ms="12438" status="PASS">
          <params>
            <param index="0">
              <value>
                <![CDATA["Check that there are no broken links in the Hot Deals page"]]>
              </value>
            </param>
            <param index="1">
              <value>
                <![CDATA["The system has no broken links in the Hot Deals page"]]>
              </value>
            </param>
          </params>
          <reporter-output>
          </reporter-output>
        </test-method> <!-- runScenario -->
        <test-method is-config="true" signature="tearDownClass()[pri:0, instance:TestRunner.CucumberTestRunner@22ff4249]" started-at="2023-11-18T00:32:15 EET" name="tearDownClass" finished-at="2023-11-18T00:32:15 EET" duration-ms="4" status="PASS">
          <reporter-output>
          </reporter-output>
        </test-method> <!-- tearDownClass -->
      </class> <!-- TestRunner.CucumberTestRunner -->
    </test> <!-- Cucumber with TestNG Test -->
  </suite> <!-- Suite -->
</testng-results>
